Arguments: 
  C:\Program Files\nodejs\node.exe C:\Users\evangelista\AppData\Local\node\corepack\yarn\1.22.19\bin\yarn.js init --y

PATH: 
  C:\Program Files\AdoptOpenJDK\jdk-15.0.2.7-hotspot\bin;C:\Program Files (x86)\VMware\VMware Workstation\bin\;C:\Program Files (x86)\Common Files\Oracle\Java\javapath;C:\Windows\system32;C:\Windows;C:\Windows\System32\Wbem;C:\Windows\System32\WindowsPowerShell\v1.0\;C:\Windows\System32\OpenSSH\;C:\Program Files\Git\cmd;C:\Program Files (x86)\NVIDIA Corporation\PhysX\Common;C:\Program Files\dotnet\;C:\Program Files\PostgreSQL\16\bin;C:\Program Files\NVIDIA Corporation\NVIDIA NvDLISR;C:\Users\evangelista\Desktop\platform-tools;C:\Program Files\nodejs\;C:\Users\evangelista\.console-ninja\.bin;C:\Users\evangelista\AppData\Local\Microsoft\WindowsApps;C:\Users\evangelista\AppData\Local\Programs\Microsoft VS Code\bin;C:\ffmpeg\bin;C:\Users\evangelista\AppData\Local\Android\Sdk\platform-tools;C:\Users\evangelista\AppData\Roaming\npm

Yarn version: 
  1.22.19

Node version: 
  20.11.1

Platform: 
  win32 x64

Trace: 
  Error: canceled
      at Interface.<anonymous> (C:\Users\evangelista\AppData\Local\node\corepack\yarn\1.22.19\lib\cli.js:137150:13)
      at Interface.emit (node:events:518:28)
      at [_ttyWrite] [as _ttyWrite] (node:internal/readline/interface:1125:18)
      at ReadStream.onkeypress (node:internal/readline/interface:264:20)
      at ReadStream.emit (node:events:518:28)
      at emitKeys (node:internal/readline/utils:371:14)
      at emitKeys.next (<anonymous>)
      at ReadStream.onData (node:internal/readline/emitKeypressEvents:64:36)
      at ReadStream.emit (node:events:518:28)
      at addChunk (node:internal/streams/readable:559:12)

npm manifest: 
  No manifest

yarn manifest: 
  No manifest

Lockfile: 
  No lockfile
